  BuffsController.cpp
C:\AikaProject\AikaServer\GameServer\BuffsController.cpp(175,61): warning C4244: 'argumento': conversão de 'UINT64' para 'int', possível perda de dados
  CharacterController.cpp
  DataLoader.cpp
  EntityHandler.cpp
  GameEntity.cpp
C:\AikaProject\AikaServer\GameServer\GameEntity.cpp(95,34): warning C4244: '=': conversão de 'UINT64' para 'WORD', possível perda de dados
C:\AikaProject\AikaServer\GameServer\GameEntity.cpp(246,21): warning C4244: '=': conversão de 'uint16_t' para 'BYTE', possível perda de dados
C:\AikaProject\AikaServer\GameServer\GameEntity.cpp(263,45): warning C4244: '=': conversão de 'DWORD' para 'BYTE', possível perda de dados
  InventoryController.cpp
C:\AikaProject\AikaServer\GameServer\InventoryController.cpp(32,53): warning C4244: 'argumento': conversão de 'UINT64' para 'int', possível perda de dados
C:\AikaProject\AikaServer\GameServer\InventoryController.cpp(66,53): warning C4244: 'argumento': conversão de 'UINT64' para 'int', possível perda de dados
  Mob.cpp
  NPC.cpp
  NPCHandler.cpp
C:\AikaProject\AikaServer\GameServer\NPCHandler.cpp(122,34): warning C4244: '=': conversão de 'DWORD' para 'uint16_t', possível perda de dados
  Nation.cpp
  PacketHandler.cpp
C:\AikaProject\AikaServer\GameServer\PacketHandler.cpp(670,27): warning C4244: 'argumento': conversão de 'DWORD' para 'WORD', possível perda de dados
C:\AikaProject\AikaServer\GameServer\PacketHandler.cpp(680,99): warning C4244: 'argumento': conversão de 'WORD' para 'BYTE', possível perda de dados
C:\AikaProject\AikaServer\GameServer\PacketHandler.cpp(680,66): warning C4244: 'argumento': conversão de 'WORD' para 'BYTE', possível perda de dados
C:\AikaProject\AikaServer\GameServer\PacketHandler.cpp(695,81): warning C4244: 'argumento': conversão de 'DWORD' para 'BYTE', possível perda de dados
C:\AikaProject\AikaServer\GameServer\PacketHandler.cpp(712,67): warning C4244: 'argumento': conversão de 'DWORD' para 'BYTE', possível perda de dados
C:\AikaProject\AikaServer\GameServer\PacketHandler.cpp(713,67): warning C4244: 'argumento': conversão de 'DWORD' para 'BYTE', possível perda de dados
C:\AikaProject\AikaServer\GameServer\PacketHandler.cpp(763,55): warning C4244: 'argumento': conversão de 'DWORD' para 'WORD', possível perda de dados
C:\AikaProject\AikaServer\GameServer\PacketHandler.cpp(763,42): warning C4244: 'argumento': conversão de 'DWORD' para 'BYTE', possível perda de dados
C:\AikaProject\AikaServer\GameServer\PacketHandler.cpp(834,53): warning C4244: 'argumento': conversão de 'DWORD' para 'BYTE', possível perda de dados
  Player.cpp
  Program.cpp
  ServerInstance.cpp
  SkillHandler.cpp
  StatusController.cpp
C:\AikaProject\AikaServer\GameServer\StatusController.cpp(543,34): warning C4244: 'argumento': conversão de 'DWORD' para 'uint16_t', possível perda de dados
C:\AikaProject\AikaServer\GameServer\StatusController.cpp(567,54): warning C4244: '=': conversão de 'double' para 'int32_t', possível perda de dados
C:\AikaProject\AikaServer\GameServer\StatusController.cpp(588,54): warning C4244: '=': conversão de 'double' para 'int32_t', possível perda de dados
  UseItemHandler.cpp
C:\AikaProject\AikaServer\GameServer\UseItemHandler.cpp(98,18): warning C4244: 'inicializando': conversão de 'lua_Integer' para 'uint32_t', possível perda de dados
C:\AikaProject\AikaServer\GameServer\UseItemHandler.cpp(99,18): warning C4244: 'inicializando': conversão de 'lua_Integer' para 'uint32_t', possível perda de dados
  VisibleController.cpp
  Gerando Código...
C:\AikaProject\AikaServer\GameServer\ServerInstance.cpp(23): warning C4715: 'ConsoleHandler': nem todos os caminhos de controle retornam um valor
C:\AikaProject\AikaServer\GameServer\PacketHandler.cpp(714): warning C4715: 'PacketHandler::OnGroupItemsPacket': nem todos os caminhos de controle retornam um valor
C:\AikaProject\AikaServer\GameServer\InventoryController.cpp(432): warning C4715: 'InventoryController::UngroupItems': nem todos os caminhos de controle retornam um valor
C:\AikaProject\AikaServer\GameServer\EntityHandler.cpp(135): warning C4172: retornando o endereço da variável local ou temporário: entity
  GameServer.vcxproj -> C:\AikaProject\AikaServer\x64\Debug\GameServer.exe
