c:\aikaproject\aikaserver\gameserver\x64\debug\vc143.pdb
c:\aikaproject\aikaserver\gameserver\x64\debug\vc143.idb
c:\aikaproject\aikaserver\gameserver\x64\debug\winversion.obj
c:\aikaproject\aikaserver\gameserver\x64\debug\winhttpwrapper.obj
c:\aikaproject\aikaserver\gameserver\x64\debug\webhandler.obj
c:\aikaproject\aikaserver\gameserver\x64\debug\serversocekt.obj
c:\aikaproject\aikaserver\gameserver\x64\debug\serverinstance.obj
c:\aikaproject\aikaserver\gameserver\x64\debug\program.obj
c:\aikaproject\aikaserver\gameserver\x64\debug\playerdata.obj
c:\aikaproject\aikaserver\gameserver\x64\debug\player.obj
c:\aikaproject\aikaserver\gameserver\x64\debug\packethandler.obj
c:\aikaproject\aikaserver\gameserver\x64\debug\nation.obj
c:\aikaproject\aikaserver\gameserver\x64\debug\logger.obj
c:\aikaproject\aikaserver\gameserver\x64\debug\entityhandler.obj
c:\aikaproject\aikaserver\gameserver\x64\debug\encryptation.obj
c:\aikaproject\aikaserver\gameserver\x64\debug\datefunctions.obj
c:\aikaproject\aikaserver\x64\debug\gameserver.json
c:\aikaproject\aikaserver\gameserver\x64\debug\gameserver.ilk
c:\aikaproject\aikaserver\x64\debug\gameserver.exe
c:\aikaproject\aikaserver\x64\debug\gameserver.pdb
c:\aikaproject\aikaserver\gameserver\x64\debug\gameserver.tlog\cl.command.1.tlog
c:\aikaproject\aikaserver\gameserver\x64\debug\gameserver.tlog\cl.read.1.tlog
c:\aikaproject\aikaserver\gameserver\x64\debug\gameserver.tlog\cl.write.1.tlog
c:\aikaproject\aikaserver\gameserver\x64\debug\gameserver.tlog\copyfile.command.1.tlog
c:\aikaproject\aikaserver\gameserver\x64\debug\gameserver.tlog\copyfile.read.1.tlog
c:\aikaproject\aikaserver\gameserver\x64\debug\gameserver.tlog\copyfile.write.1.tlog
c:\aikaproject\aikaserver\gameserver\x64\debug\gameserver.tlog\link.command.1.tlog
c:\aikaproject\aikaserver\gameserver\x64\debug\gameserver.tlog\link.read.1.tlog
c:\aikaproject\aikaserver\gameserver\x64\debug\gameserver.tlog\link.write.1.tlog
